<?xml version="1.0" encoding="UTF-8"?>
<testsuites>
  <testsuite name="" tests="2" assertions="12" errors="0" warnings="0" failures="0" skipped="0" time="0.126054">
    <testsuite name="Exam" tests="2" assertions="12" errors="0" warnings="0" failures="0" skipped="0" time="0.126054">
      <testsuite name="Tests\Exam\h_JobRateLimitTest" file="/home/paulo/testes/d42eda76-a246-4461-9a2e-3c8efcee2d70/tests/Exam/h_JobRateLimitTest.php" tests="2" assertions="12" errors="0" warnings="0" failures="0" skipped="0" time="0.126054">
        <testcase name="it_should_job_instance_and_middlewares_attached_to_it" class="Tests\Exam\h_JobRateLimitTest" classname="Tests.Exam.h_JobRateLimitTest" file="/home/paulo/testes/d42eda76-a246-4461-9a2e-3c8efcee2d70/tests/Exam/h_JobRateLimitTest.php" line="46" assertions="3" time="0.099462"/>
        <testcase name="it_should_verify_rate_limit" class="Tests\Exam\h_JobRateLimitTest" classname="Tests.Exam.h_JobRateLimitTest" file="/home/paulo/testes/d42eda76-a246-4461-9a2e-3c8efcee2d70/tests/Exam/h_JobRateLimitTest.php" line="61" assertions="9" time="0.026592"/>
      </testsuite>
    </testsuite>
  </testsuite>
</testsuites>
