<?xml version="1.0" encoding="UTF-8"?>
<testsuites>
  <testsuite name="" tests="2" assertions="3" errors="1" warnings="0" failures="1" skipped="0" time="0.137894">
    <testsuite name="Exam" tests="2" assertions="3" errors="1" warnings="0" failures="1" skipped="0" time="0.137894">
      <testsuite name="Tests\Exam\h_JobRateLimitTest" file="/home/paulo/testes/d42eda76-a246-4461-9a2e-3c8efcee2d70/tests/Exam/h_JobRateLimitTest.php" tests="2" assertions="3" errors="1" warnings="0" failures="1" skipped="0" time="0.137894">
        <testcase name="it_should_job_instance_and_middlewares_attached_to_it" class="Tests\Exam\h_JobRateLimitTest" classname="Tests.Exam.h_JobRateLimitTest" file="/home/paulo/testes/d42eda76-a246-4461-9a2e-3c8efcee2d70/tests/Exam/h_JobRateLimitTest.php" line="45" assertions="1" time="0.114845">
          <error type="Error">Tests\Exam\h_JobRateLimitTest::it_should_job_instance_and_middlewares_attached_to_it
Error: Call to undefined method App\Jobs\SaveRandomQuote::middleware()

/home/paulo/testes/d42eda76-a246-4461-9a2e-3c8efcee2d70/tests/Exam/h_JobRateLimitTest.php:50</error>
        </testcase>
        <testcase name="it_should_verify_rate_limit" class="Tests\Exam\h_JobRateLimitTest" classname="Tests.Exam.h_JobRateLimitTest" file="/home/paulo/testes/d42eda76-a246-4461-9a2e-3c8efcee2d70/tests/Exam/h_JobRateLimitTest.php" line="60" assertions="2" time="0.023050">
          <failure type="PHPUnit\Framework\ExpectationFailedException">Tests\Exam\h_JobRateLimitTest::it_should_verify_rate_limit
Failed asserting that a row in the table [daily_logs] matches the attributes {
      "user_id": 1,
      "log": "An unexamined life is not worth living."
  }.
  
  Found similar results: [
      {
          "id": 1,
          "user_id": 1,
          "log": "Friends are those rare people who ask how we are and then wait to hear the answer.",
          "day": "2022-07-11 00:00:00",
          "deleted_at": null,
          "created_at": "2022-11-03 13:43:20",
          "updated_at": "2022-11-03 13:43:20"
      }
  ].

/home/paulo/testes/d42eda76-a246-4461-9a2e-3c8efcee2d70/vendor/laravel/framework/src/Illuminate/Foundation/Testing/Concerns/InteractsWithDatabase.php:29
/home/paulo/testes/d42eda76-a246-4461-9a2e-3c8efcee2d70/tests/Exam/h_JobRateLimitTest.php:85
/home/paulo/testes/d42eda76-a246-4461-9a2e-3c8efcee2d70/tests/Exam/h_JobRateLimitTest.php:68</failure>
        </testcase>
      </testsuite>
    </testsuite>
  </testsuite>
</testsuites>
