<?xml version="1.0" encoding="UTF-8"?>
<testsuites>
  <testsuite name="" tests="8" assertions="9" errors="0" warnings="0" failures="0" skipped="0" time="0.183778">
    <testsuite name="Exam" tests="8" assertions="9" errors="0" warnings="0" failures="0" skipped="0" time="0.183778">
      <testsuite name="Tests\Exam\b_ModelTest" file="/home/paulo/testes/d42eda76-a246-4461-9a2e-3c8efcee2d70/tests/Exam/b_ModelTest.php" tests="8" assertions="9" errors="0" warnings="0" failures="0" skipped="0" time="0.183778">
        <testcase name="create_a_model" class="Tests\Exam\b_ModelTest" classname="Tests.Exam.b_ModelTest" file="/home/paulo/testes/d42eda76-a246-4461-9a2e-3c8efcee2d70/tests/Exam/b_ModelTest.php" line="37" assertions="1" time="0.087504"/>
        <testcase name="relationship_with_the_user" class="Tests\Exam\b_ModelTest" classname="Tests.Exam.b_ModelTest" file="/home/paulo/testes/d42eda76-a246-4461-9a2e-3c8efcee2d70/tests/Exam/b_ModelTest.php" line="47" assertions="2" time="0.014549"/>
        <testcase name="create_factories" class="Tests\Exam\b_ModelTest" classname="Tests.Exam.b_ModelTest" file="/home/paulo/testes/d42eda76-a246-4461-9a2e-3c8efcee2d70/tests/Exam/b_ModelTest.php" line="65" assertions="1" time="0.019046"/>
        <testcase name="implement_query_scope" class="Tests\Exam\b_ModelTest" classname="Tests.Exam.b_ModelTest" file="/home/paulo/testes/d42eda76-a246-4461-9a2e-3c8efcee2d70/tests/Exam/b_ModelTest.php" line="78" assertions="1" time="0.012360"/>
        <testcase name="use_get_mutator" class="Tests\Exam\b_ModelTest" classname="Tests.Exam.b_ModelTest" file="/home/paulo/testes/d42eda76-a246-4461-9a2e-3c8efcee2d70/tests/Exam/b_ModelTest.php" line="101" assertions="1" time="0.010508"/>
        <testcase name="use_set_mutator" class="Tests\Exam\b_ModelTest" classname="Tests.Exam.b_ModelTest" file="/home/paulo/testes/d42eda76-a246-4461-9a2e-3c8efcee2d70/tests/Exam/b_ModelTest.php" line="116" assertions="1" time="0.012915"/>
        <testcase name="date_should_be_a_carbon_instance" class="Tests\Exam\b_ModelTest" classname="Tests.Exam.b_ModelTest" file="/home/paulo/testes/d42eda76-a246-4461-9a2e-3c8efcee2d70/tests/Exam/b_ModelTest.php" line="131" assertions="1" time="0.009264"/>
        <testcase name="the_user_should_be_notified_after_a_password_change" class="Tests\Exam\b_ModelTest" classname="Tests.Exam.b_ModelTest" file="/home/paulo/testes/d42eda76-a246-4461-9a2e-3c8efcee2d70/tests/Exam/b_ModelTest.php" line="146" assertions="1" time="0.017630"/>
      </testsuite>
    </testsuite>
  </testsuite>
</testsuites>
