<?xml version="1.0" encoding="UTF-8"?>
<testsuites>
  <testsuite name="" tests="3" assertions="3" errors="0" warnings="0" failures="0" skipped="0" time="0.098092">
    <testsuite name="Exam" tests="3" assertions="3" errors="0" warnings="0" failures="0" skipped="0" time="0.098092">
      <testsuite name="Tests\Exam\a_MigrationTest" file="/home/paulo/testes/d42eda76-a246-4461-9a2e-3c8efcee2d70/tests/Exam/a_MigrationTest.php" tests="3" assertions="3" errors="0" warnings="0" failures="0" skipped="0" time="0.098092">
        <testcase name="create_daily_logs_table" class="Tests\Exam\a_MigrationTest" classname="Tests.Exam.a_MigrationTest" file="/home/paulo/testes/d42eda76-a246-4461-9a2e-3c8efcee2d70/tests/Exam/a_MigrationTest.php" line="29" assertions="1" time="0.082055"/>
        <testcase name="create_columns" class="Tests\Exam\a_MigrationTest" classname="Tests.Exam.a_MigrationTest" file="/home/paulo/testes/d42eda76-a246-4461-9a2e-3c8efcee2d70/tests/Exam/a_MigrationTest.php" line="46" assertions="1" time="0.008050"/>
        <testcase name="create_foreign_key_and_index" class="Tests\Exam\a_MigrationTest" classname="Tests.Exam.a_MigrationTest" file="/home/paulo/testes/d42eda76-a246-4461-9a2e-3c8efcee2d70/tests/Exam/a_MigrationTest.php" line="66" assertions="1" time="0.007987"/>
      </testsuite>
    </testsuite>
  </testsuite>
</testsuites>
