<?xml version="1.0" encoding="UTF-8"?>
<testsuites>
  <testsuite name="" tests="9" assertions="15" errors="0" warnings="0" failures="0" skipped="0" time="0.283978">
    <testsuite name="Exam" tests="9" assertions="15" errors="0" warnings="0" failures="0" skipped="0" time="0.283978">
      <testsuite name="Tests\Exam\c_CRUDTest" file="/home/paulo/testes/d42eda76-a246-4461-9a2e-3c8efcee2d70/tests/Exam/c_CRUDTest.php" tests="9" assertions="15" errors="0" warnings="0" failures="0" skipped="0" time="0.283978">
        <testcase name="create_route" class="Tests\Exam\c_CRUDTest" classname="Tests.Exam.c_CRUDTest" file="/home/paulo/testes/d42eda76-a246-4461-9a2e-3c8efcee2d70/tests/Exam/c_CRUDTest.php" line="34" assertions="1" time="0.164461"/>
        <testcase name="validate_the_payload" class="Tests\Exam\c_CRUDTest" classname="Tests.Exam.c_CRUDTest" file="/home/paulo/testes/d42eda76-a246-4461-9a2e-3c8efcee2d70/tests/Exam/c_CRUDTest.php" line="58" assertions="5" time="0.025222"/>
        <testcase name="implement_route_model_binding" class="Tests\Exam\c_CRUDTest" classname="Tests.Exam.c_CRUDTest" file="/home/paulo/testes/d42eda76-a246-4461-9a2e-3c8efcee2d70/tests/Exam/c_CRUDTest.php" line="83" assertions="1" time="0.017961"/>
        <testcase name="use_policy_to_authorize_deletion" class="Tests\Exam\c_CRUDTest" classname="Tests.Exam.c_CRUDTest" file="/home/paulo/testes/d42eda76-a246-4461-9a2e-3c8efcee2d70/tests/Exam/c_CRUDTest.php" line="108" assertions="1" time="0.014858"/>
        <testcase name="apply_soft_delete" class="Tests\Exam\c_CRUDTest" classname="Tests.Exam.c_CRUDTest" file="/home/paulo/testes/d42eda76-a246-4461-9a2e-3c8efcee2d70/tests/Exam/c_CRUDTest.php" line="129" assertions="1" time="0.012121"/>
        <testcase name="custom_rule" class="Tests\Exam\c_CRUDTest" classname="Tests.Exam.c_CRUDTest" file="/home/paulo/testes/d42eda76-a246-4461-9a2e-3c8efcee2d70/tests/Exam/c_CRUDTest.php" line="149" assertions="3" time="0.012970"/>
        <testcase name="use_middleware_to_block_access" class="Tests\Exam\c_CRUDTest" classname="Tests.Exam.c_CRUDTest" file="/home/paulo/testes/d42eda76-a246-4461-9a2e-3c8efcee2d70/tests/Exam/c_CRUDTest.php" line="171" assertions="1" time="0.011505"/>
        <testcase name="dispatch_an_event" class="Tests\Exam\c_CRUDTest" classname="Tests.Exam.c_CRUDTest" file="/home/paulo/testes/d42eda76-a246-4461-9a2e-3c8efcee2d70/tests/Exam/c_CRUDTest.php" line="189" assertions="1" time="0.012575"/>
        <testcase name="create_a_listener_that_will_send_an_email_with_a_copy_of_daily_log" class="Tests\Exam\c_CRUDTest" classname="Tests.Exam.c_CRUDTest" file="/home/paulo/testes/d42eda76-a246-4461-9a2e-3c8efcee2d70/tests/Exam/c_CRUDTest.php" line="211" assertions="1" time="0.012306"/>
      </testsuite>
    </testsuite>
  </testsuite>
</testsuites>
